<?xml version="1.0" encoding="UTF-8"?>
<!-- Generated by org.testng.reporters.JUnitXMLReporter -->
<testsuite ignored="0" hostname="DESKTOP-P27CLIA" failures="1" tests="1" name="Test(failed)" time="46.669" errors="0" timestamp="2022-08-09T15:53:48 IST">
  <testcase classname="com.crm.Sdet.product.CreateProduct" name="CreateProduct" time="31.501">
    <failure type="java.lang.AssertionError" message="expected [true] but found [false]">
      <![CDATA[java.lang.AssertionError: expected [true] but found [false]
at com.crm.Sdet.product.CreateProduct.CreateProduct(CreateProduct.java:72)
at java.base/java.util.ArrayList.forEach(ArrayList.java:1511)
... Removed 33 stack frames]]>
    </failure>
  </testcase> <!-- CreateProduct -->
</testsuite> <!-- Test(failed) -->
